---------------------------------------------------------------------------------------------------
      name:  <unnamed>
       log:  /Users/oskarskorge/Desktop/LUSEM/LUSEM/Advanced Analysis of Economic Change/Replicatio
> n 1/Output/table4_proper.log
  log type:  text
 opened on:  24 Feb 2026, 13:48:05

. 
. use "$datapath/slave_trade_QJE.dta", clear

. 
end of do-file

. do "/var/folders/gr/_w5pkbvd0yl6tfnrfbln25rw0000gn/T//SD01535.000000"

. * Define variable groups
. local instruments "atlantic_distance_minimum indian_distance_minimum saharan_distance_minimum red
> _sea_distance_minimum"

. local colony_fe "colony1 colony2 colony3 colony4 colony5 colony6 colony7"

. local geo "abs_latitude longitude rain_min humid_max low_temp ln_coastline_area"

. 
end of do-file

. do "/var/folders/gr/_w5pkbvd0yl6tfnrfbln25rw0000gn/T//SD01535.000000"

. gen restrict = (island_dum == 0 & region_n == 0)

. 
end of do-file

. do "/var/folders/gr/_w5pkbvd0yl6tfnrfbln25rw0000gn/T//SD01535.000000"

. di "========== COLUMN (1): No controls =========="
========== COLUMN (1): No controls ==========

. ivregress 2sls ln_maddison_pcgdp2000 ///
>     (ln_export_area = `instruments'), ///
>     first robust
:
too few variables specified
r(102);

end of do-file

r(102);

. do "/var/folders/gr/_w5pkbvd0yl6tfnrfbln25rw0000gn/T//SD01535.000000"

. 
. di "========== COLUMN (2): + Colonizer FE =========="
========== COLUMN (2): + Colonizer FE ==========

. ivregress 2sls ln_maddison_pcgdp2000 `colony_fe' ///
>     (ln_export_area = `instruments'), ///
>     first robust
:
too few variables specified
r(102);

end of do-file

r(102);

. do "/var/folders/gr/_w5pkbvd0yl6tfnrfbln25rw0000gn/T//SD01535.000000"

. 
. di "========== COLUMN (3): + Colonizer FE + Geography =========="
========== COLUMN (3): + Colonizer FE + Geography ==========

. ivregress 2sls ln_maddison_pcgdp2000 `colony_fe' `geo' ///
>     (ln_export_area = `instruments'), ///
>     first robust
:
too few variables specified
r(102);

end of do-file

r(102);

. do "/var/folders/gr/_w5pkbvd0yl6tfnrfbln25rw0000gn/T//SD01535.000000"

. di "========== COLUMN (4): + Restricted Sample (no islands/N.Africa) =========="
========== COLUMN (4): + Restricted Sample (no islands/N.Africa) ==========

. ivregress 2sls ln_maddison_pcgdp2000 `colony_fe' `geo' ///
>     (ln_export_area = `instruments') ///
>     if restrict == 1, ///
>     first robust
:
too few variables specified
r(102);

end of do-file

r(102);

. do "/var/folders/gr/_w5pkbvd0yl6tfnrfbln25rw0000gn/T//SD01535.000000"

. di ""


. di "================================================================="
=================================================================

. di " TABLE IV: INSTRUMENTAL VARIABLES ESTIMATES"
 TABLE IV: INSTRUMENTAL VARIABLES ESTIMATES

. di " Dependent variable: Log real per capita GDP in 2000"
 Dependent variable: Log real per capita GDP in 2000

. di "================================================================="
=================================================================

. di ""


. di "                                (1)      (2)      (3)      (4)"
                                (1)      (2)      (3)      (4)

. di "-----------------------------------------------------------------"
-----------------------------------------------------------------

. di "Second Stage:"
Second Stage:

. di "ln(slave exports/area)      " %6.3f coef1 "***" %6.3f coef2 "***" %6.3f coef3 "**  " %6.3f co
> ef4 "***"
ln(slave exports/area)      coef1 not found
r(111);

end of do-file

r(111);

. do "/var/folders/gr/_w5pkbvd0yl6tfnrfbln25rw0000gn/T//SD01535.000000"

. * Use specification matching Column (2): colonizer FE + geography
. local controls "`colony_fe' `geo'"

. 
. * Check sample size for mediation
. count if !missing(ln_maddison_pcgdp2000, ln_export_area, ethnic_fractionalization, state_dev) & !
> missing(`controls')
  47

. local N_med = r(N)

. di "Mediation sample size: N = " `N_med'
Mediation sample size: N = 47

. di ""


. 
. if `N_med' < 100 {
.     di "NOTE: Sample size N=" `N_med' " < 100"
NOTE: Sample size N=47 < 100
.     di "Sobel test assumes asymptotic normality (needs N>100)"
Sobel test assumes asymptotic normality (needs N>100)
.     di "Using bootstrap instead - gold standard for small samples"
Using bootstrap instead - gold standard for small samples
.     di ""

. }

. 
end of do-file

. do "/var/folders/gr/_w5pkbvd0yl6tfnrfbln25rw0000gn/T//SD01535.000000"

. di "========== STEP 1: Total Effect (c path) =========="
========== STEP 1: Total Effect (c path) ==========

. di "Regression: ln(GDP) = c × ln(exports) + controls"
Regression: ln(GDP) = c × ln(exports) + controls

. di ""


. 
. reg ln_maddison_pcgdp2000 ln_export_area `controls' ///
>     if !missing(ethnic_fractionalization, state_dev)

      Source |       SS           df       MS      Number of obs   =        47
-------------+----------------------------------   F(1, 45)        =     14.40
       Model |  6.15411672         1  6.15411672   Prob > F        =    0.0004
    Residual |  19.2260625        45  .427245833   R-squared       =    0.2425
-------------+----------------------------------   Adj R-squared   =    0.2256
       Total |  25.3801792        46  .551743026   Root MSE        =    .65364

--------------------------------------------------------------------------------
ln_maddis~2000 | Coefficient  Std. err.      t    P>|t|     [95% conf. interval]
---------------+----------------------------------------------------------------
ln_export_area |  -.0989103   .0260614    -3.80   0.000    -.1514007     -.04642
         _cons |   7.396117   .1373104    53.86   0.000      7.11956    7.672675
--------------------------------------------------------------------------------

. 
. scalar c_coef = _b[ln_export_area]

. scalar c_se = _se[ln_export_area]

. scalar c_p = 2*ttail(e(df_r), abs(_b[ln_export_area]/_se[ln_export_area]))

. 
. di ""


. di "Total effect (c):    " %7.4f c_coef " (SE=" %6.4f c_se ", p=" %5.3f c_p ")"
Total effect (c):    -0.0989 (SE=0.0261, p=0.000)

. di ""


. 
end of do-file

. do "/var/folders/gr/_w5pkbvd0yl6tfnrfbln25rw0000gn/T//SD01535.000000"

. di "========== STEP 2a: Exports → Ethnic Fractionalization (a1) =========="
========== STEP 2a: Exports → Ethnic Fractionalization (a1) ==========

. reg ethnic_fractionalization ln_export_area `controls' ///
>     if !missing(ln_maddison_pcgdp2000, state_dev)

      Source |       SS           df       MS      Number of obs   =        47
-------------+----------------------------------   F(1, 45)        =     42.23
       Model |  1.39410468         1  1.39410468   Prob > F        =    0.0000
    Residual |  1.48562766        45  .033013948   R-squared       =    0.4841
-------------+----------------------------------   Adj R-squared   =    0.4726
       Total |  2.87973234        46  .062602877   Root MSE        =     .1817

--------------------------------------------------------------------------------
ethnic_fract~n | Coefficient  Std. err.      t    P>|t|     [95% conf. interval]
---------------+----------------------------------------------------------------
ln_export_area |   .0470767   .0072445     6.50   0.000     .0324856    .0616679
         _cons |   .4661274   .0381692    12.21   0.000     .3892507    .5430041
--------------------------------------------------------------------------------

. 
. scalar a1_coef = _b[ln_export_area]

. scalar a1_se = _se[ln_export_area]

. scalar a1_p = 2*ttail(e(df_r), abs(_b[ln_export_area]/_se[ln_export_area]))

. 
. di ""


. di "a1 coefficient:      " %7.4f a1_coef " (SE=" %6.4f a1_se ", p=" %5.3f a1_p ")"
a1 coefficient:       0.0471 (SE=0.0072, p=0.000)

. di ""


. 
. di "========== STEP 2b: Exports → State Development (a2) =========="
========== STEP 2b: Exports → State Development (a2) ==========

. reg state_dev ln_export_area `controls' ///
>     if !missing(ln_maddison_pcgdp2000, ethnic_fractionalization)

      Source |       SS           df       MS      Number of obs   =        47
-------------+----------------------------------   F(1, 45)        =      6.93
       Model |  .664589757         1  .664589757   Prob > F        =    0.0116
    Residual |  4.31853932        45  .095967541   R-squared       =    0.1334
-------------+----------------------------------   Adj R-squared   =    0.1141
       Total |  4.98312908        46  .108328893   Root MSE        =    .30979

--------------------------------------------------------------------------------
     state_dev | Coefficient  Std. err.      t    P>|t|     [95% conf. interval]
---------------+----------------------------------------------------------------
ln_export_area |  -.0325039   .0123515    -2.63   0.012    -.0573812   -.0076266
         _cons |   .7036217   .0650769    10.81   0.000     .5725502    .8346933
--------------------------------------------------------------------------------

. 
. scalar a2_coef = _b[ln_export_area]

. scalar a2_se = _se[ln_export_area]

. scalar a2_p = 2*ttail(e(df_r), abs(_b[ln_export_area]/_se[ln_export_area]))

. 
. di ""


. di "a2 coefficient:      " %7.4f a2_coef " (SE=" %6.4f a2_se ", p=" %5.3f a2_p ")"
a2 coefficient:      -0.0325 (SE=0.0124, p=0.012)

. di ""


. 
end of do-file

. do "/var/folders/gr/_w5pkbvd0yl6tfnrfbln25rw0000gn/T//SD01535.000000"

. di "========== STEP 3: Mediators → GDP + Direct Effect =========="
========== STEP 3: Mediators → GDP + Direct Effect ==========

. reg ln_maddison_pcgdp2000 ln_export_area ethnic_fractionalization state_dev `controls'

      Source |       SS           df       MS      Number of obs   =        47
-------------+----------------------------------   F(3, 43)        =      5.33
       Model |  6.87758341         3   2.2925278   Prob > F        =    0.0033
    Residual |  18.5025958        43  .430292925   R-squared       =    0.2710
-------------+----------------------------------   Adj R-squared   =    0.2201
       Total |  25.3801792        46  .551743026   Root MSE        =    .65597

------------------------------------------------------------------------------------------
   ln_maddison_pcgdp2000 | Coefficient  Std. err.      t    P>|t|     [95% conf. interval]
-------------------------+----------------------------------------------------------------
          ln_export_area |  -.0674141   .0368754    -1.83   0.074    -.1417805    .0069523
ethnic_fractionalization |   -.863821   .6667623    -1.30   0.202    -2.208475    .4808333
               state_dev |  -.2821096   .3910728    -0.72   0.475    -1.070783    .5065638
                   _cons |   7.997266   .5406228    14.79   0.000     6.906997    9.087536
------------------------------------------------------------------------------------------

. 
. scalar b1_coef = _b[ethnic_fractionalization]

. scalar b1_se = _se[ethnic_fractionalization]

. scalar b2_coef = _b[state_dev]

. scalar b2_se = _se[state_dev]

. scalar cprime_coef = _b[ln_export_area]

. scalar cprime_se = _se[ln_export_area]

. 
. di ""


. di "b1 (Ethnic frac → GDP):  " %7.4f b1_coef " (SE=" %6.4f b1_se ")"
b1 (Ethnic frac → GDP):  -0.8638 (SE=0.6668)

. di "b2 (State dev → GDP):    " %7.4f b2_coef " (SE=" %6.4f b2_se ")"
b2 (State dev → GDP):    -0.2821 (SE=0.3911)

. di "c' (Direct effect):      " %7.4f cprime_coef " (SE=" %6.4f cprime_se ")"
c' (Direct effect):      -0.0674 (SE=0.0369)

. di ""


. 
end of do-file

. do "/var/folders/gr/_w5pkbvd0yl6tfnrfbln25rw0000gn/T//SD01535.000000"

. scalar indirect1 = a1_coef * b1_coef

. scalar indirect2 = a2_coef * b2_coef

. scalar total_indirect = indirect1 + indirect2

. scalar prop_med = (total_indirect / c_coef) * 100

. 
. di "========== Point Estimates of Indirect Effects =========="
========== Point Estimates of Indirect Effects ==========

. di ""


. di "Indirect via ethnic frac (a1×b1):  " %7.4f indirect1
Indirect via ethnic frac (a1×b1):  -0.0407

. di "Indirect via state dev (a2×b2):    " %7.4f indirect2
Indirect via state dev (a2×b2):     0.0092

. di "Total indirect effect:             " %7.4f total_indirect
Total indirect effect:             -0.0315

. di "Total effect (c):                  " %7.4f c_coef
Total effect (c):                  -0.0989

. di "Proportion mediated:               " %5.1f prop_med "%"
Proportion mediated:                31.8%

. di ""


. 
end of do-file

. do "/var/folders/gr/_w5pkbvd0yl6tfnrfbln25rw0000gn/T//SD01535.000000"

. di "========== BOOTSTRAPPING (5,000 replications) =========="
========== BOOTSTRAPPING (5,000 replications) ==========

. di "This will take 2-3 minutes..."
This will take 2-3 minutes...

. di ""


. 
. * Define program to calculate indirect effects
. capture program drop med_boot

. program define med_boot, rclass
  1.     args outcome treatment med1 med2 controls
  2.     
.     * Quietly run all three regressions
.     quietly reg `med1' `treatment' `controls'
  3.     local a1 = _b[`treatment']
  4.     
.     quietly reg `med2' `treatment' `controls'
  5.     local a2 = _b[`treatment']
  6.     
.     quietly reg `outcome' `treatment' `med1' `med2' `controls'
  7.     local b1 = _b[`med1']
  8.     local b2 = _b[`med2']
  9.     local cprime = _b[`treatment']
 10.     
.     * Return indirect effects
.     return scalar ind1 = `a1' * `b1'
 11.     return scalar ind2 = `a2' * `b2'
 12.     return scalar total_ind = `a1'*`b1' + `a2'*`b2'
 13.     return scalar direct = `cprime'
 14. end

. 
. * Preserve full dataset
. preserve

. 
. * Keep only complete cases
. keep if !missing(ln_maddison_pcgdp2000, ln_export_area, ethnic_fractionalization, state_dev, `con
> trols')
invalid syntax
r(198);

end of do-file

r(198);

. do "/var/folders/gr/_w5pkbvd0yl6tfnrfbln25rw0000gn/T//SD01535.000000"

. ------------------------------------------------------------------------------*/
- is not a valid command name
r(199);

end of do-file

r(199);

. do "/var/folders/gr/_w5pkbvd0yl6tfnrfbln25rw0000gn/T//SD01535.000000"

. /*--------------------------------------------------------------------------
>   BOOTSTRAP CONFIDENCE INTERVALS
>   5,000 replications for reliable CIs
> ---------------------------------------------------------------------------*/
. 
. * Define program
. capture program drop med_boot

. program define med_boot, rclass
  1.     syntax varlist(min=4) [if]
  2.     
.     tokenize `varlist'
  3.     local outcome `1'
  4.     local treatment `2'
  5.     local med1 `3'
  6.     local med2 `4'
  7.     macro shift 4
  8.     local controls `"`*'"'
  9. 
.     quietly reg `med1' `treatment' `controls'
 10.     local a1 = _b[`treatment']
 11.     
.     quietly reg `med2' `treatment' `controls'
 12.     local a2 = _b[`treatment']
 13.     
.     quietly reg `outcome' `treatment' `med1' `med2' `controls'
 14.     local b1 = _b[`med1']
 15.     local b2 = _b[`med2']
 16.     local cprime = _b[`treatment']
 17.     
.     return scalar ind1 = `a1' * `b1'
 18.     return scalar ind2 = `a2' * `b2'
 19.     return scalar total_ind = `a1'*`b1' + `a2'*`b2'
 20.     return scalar direct = `cprime'
 21. end

. 
. preserve

. 
. egen miss = rowmiss(ln_maddison_pcgdp2000 ln_export_area ethnic_fractionalization state_dev `cont
> rols')

. keep if miss == 0
(5 observations deleted)

. drop miss

. 
. bootstrap ind1=r(ind1) ind2=r(ind2) total_ind=r(total_ind) direct=r(direct), ///
>     reps(5000) seed(12345): ///
>     med_boot ln_maddison_pcgdp2000 ln_export_area ethnic_fractionalization state_dev `controls'
(running med_boot on estimation sample)

Bootstrap replications (5,000): .........10.........20.........30.........40.........50.........60.
> ........70.........80.........90.........100.........110.........120.........130.........140.....
> ....150.........160.........170.........180.........190.........200.........210.........220......
> ...230.........240.........250.........260.........270.........280.........290.........300.......
> ..310.........320.........330.........340.........350.........360.........370.........380........
> .390.........400.........410.........420.........430.........440.........450.........460.........
> 470.........480.........490.........500.........510.........520.........530.........540.........5
> 50.........560.........570.........580.........590.........600.........610.........620.........63
> 0.........640.........650.........660.........670.........680.........690.........700.........710
> .........720.........730.........740.........750.........760.........770.........780.........790.
> ........800.........810.........820.........830.........840.........850.........860.........870..
> .......880.........890.........900.........910.........920.........930.........940.........950...
> ......960.........970.........980.........990.........1,000.........1,010.........1,020.........1
> ,030.........1,040.........1,050.........1,060.........1,070.........1,080.........1,090.........
> 1,100.........1,110.........1,120.........1,130.........1,140.........1,150.........1,160........
> .1,170.........1,180.........1,190.........1,200.........1,210.........1,220.........1,230.......
> ..1,240.........1,250.........1,260.........1,270.........1,280.........1,290.........1,300......
> ...1,310.........1,320.........1,330.........1,340.........1,350.........1,360.........1,370.....
> ....1,380.........1,390.........1,400.........1,410.........1,420.........1,430.........1,440....
> .....1,450.........1,460.........1,470.........1,480.........1,490.........1,500.........1,510...
> ......1,520.........1,530.........1,540.........1,550.........1,560.........1,570.........1,580..
> .......1,590.........1,600.........1,610.........1,620.........1,630.........1,640.........1,650.
> ........1,660.........1,670.........1,680.........1,690.........1,700.........1,710.........1,720
> .........1,730.........1,740.........1,750.........1,760.........1,770.........1,780.........1,79
> 0.........1,800.........1,810.........1,820.........1,830.........1,840.........1,850.........1,8
> 60.........1,870.........1,880.........1,890.........1,900.........1,910.........1,920.........1,
> 930.........1,940.........1,950.........1,960.........1,970.........1,980.........1,990.........2
> ,000.........2,010.........2,020.........2,030.........2,040.........2,050.........2,060.........
> 2,070.........2,080.........2,090.........2,100.........2,110.........2,120.........2,130........
> .2,140.........2,150.........2,160.........2,170.........2,180.........2,190.........2,200.......
> ..2,210.........2,220.........2,230.........2,240.........2,250.........2,260.........2,270......
> ...2,280.........2,290.........2,300.........2,310.........2,320.........2,330.........2,340.....
> ....2,350.........2,360.........2,370.........2,380.........2,390.........2,400.........2,410....
> .....2,420.........2,430.........2,440.........2,450.........2,460.........2,470.........2,480...
> ......2,490.........2,500.........2,510.........2,520.........2,530.........2,540.........2,550..
> .......2,560.........2,570.........2,580.........2,590.........2,600.........2,610.........2,620.
> ........2,630.........2,640.........2,650.........2,660.........2,670.........2,680.........2,690
> .........2,700.........2,710.........2,720.........2,730.........2,740.........2,750.........2,76
> 0.........2,770.........2,780.........2,790.........2,800.........2,810.........2,820.........2,8
> 30.........2,840.........2,850.........2,860.........2,870.........2,880.........2,890.........2,
> 900.........2,910.........2,920.........2,930.........2,940.........2,950.........2,960.........2
> ,970.........2,980.........2,990.........3,000.........3,010.........3,020.........3,030.........
> 3,040.........3,050.........3,060.........3,070.........3,080.........3,090.........3,100........
> .3,110.........3,120.........3,130.........3,140.........3,150.........3,160.........3,170.......
> ..3,180.........3,190.........3,200.........3,210.........3,220.........3,230.........3,240......
> ...3,250.........3,260.........3,270.........3,280.........3,290.........3,300.........3,310.....
> ....3,320.........3,330.........3,340.........3,350.........3,360.........3,370.........3,380....
> .....3,390.........3,400.........3,410.........3,420.........3,430.........3,440.........3,450...
> ......3,460.........3,470.........3,480.........3,490.........3,500.........3,510.........3,520..
> .......3,530.........3,540.........3,550.........3,560.........3,570.........3,580.........3,590.
> ........3,600.........3,610.........3,620.........3,630.........3,640.........3,650.........3,660
> .........3,670.........3,680.........3,690.........3,700.........3,710.........3,720.........3,73
> 0.........3,740.........3,750.........3,760.........3,770.........3,780.........3,790.........3,8
> 00.........3,810.........3,820.........3,830.........3,840.........3,850.........3,860.........3,
> 870.........3,880.........3,890.........3,900.........3,910.........3,920.........3,930.........3
> ,940.........3,950.........3,960.........3,970.........3,980.........3,990.........4,000.........
> 4,010.........4,020.........4,030.........4,040.........4,050.........4,060.........4,070........
> .4,080.........4,090.........4,100.........4,110.........4,120.........4,130.........4,140.......
> ..4,150.........4,160.........4,170.........4,180.........4,190.........4,200.........4,210......
> ...4,220.........4,230.........4,240.........4,250.........4,260.........4,270.........4,280.....
> ....4,290.........4,300.........4,310.........4,320.........4,330.........4,340.........4,350....
> .....4,360.........4,370.........4,380.........4,390.........4,400.........4,410.........4,420...
> ......4,430.........4,440.........4,450.........4,460.........4,470.........4,480.........4,490..
> .......4,500.........4,510.........4,520.........4,530.........4,540.........4,550.........4,560.
> ........4,570.........4,580.........4,590.........4,600.........4,610.........4,620.........4,630
> .........4,640.........4,650.........4,660.........4,670.........4,680.........4,690.........4,70
> 0.........4,710.........4,720.........4,730.........4,740.........4,750.........4,760.........4,7
> 70.........4,780.........4,790.........4,800.........4,810.........4,820.........4,830.........4,
> 840.........4,850.........4,860.........4,870.........4,880.........4,890.........4,900.........4
> ,910.........4,920.........4,930.........4,940.........4,950.........4,960.........4,970.........
> 4,980.........4,990.........5,000 done

Bootstrap results                                        Number of obs =    47
                                                         Replications  = 5,000

      Command: med_boot ln_maddison_pcgdp2000 ln_export_area ethnic_fractionalization state_dev
         ind1: r(ind1)
         ind2: r(ind2)
    total_ind: r(total_ind)
       direct: r(direct)

------------------------------------------------------------------------------
             |   Observed   Bootstrap                         Normal-based
             | coefficient  std. err.      z    P>|z|     [95% conf. interval]
-------------+----------------------------------------------------------------
        ind1 |  -.0406659   .0411947    -0.99   0.324    -.1214059    .0400742
        ind2 |   .0091697   .0163195     0.56   0.574     -.022816    .0411553
   total_ind |  -.0314962   .0325692    -0.97   0.334    -.0953307    .0323383
      direct |  -.0674141   .0347787    -1.94   0.053    -.1355791    .0007509
------------------------------------------------------------------------------

. 
. restore

. 
end of do-file

. do "/var/folders/gr/_w5pkbvd0yl6tfnrfbln25rw0000gn/T//SD01535.000000"

. /*------------------------------------------------------------------------------
>   Display Bootstrap Results
> ------------------------------------------------------------------------------*/
. 
. preserve

. use "$outpath/mediation_boot.dta", clear
file /Users/oskarskorge/Desktop/LUSEM/LUSEM/Advanced Analysis of Economic Change/Replication
    1/Output/mediation_boot.dta not found
r(601);

end of do-file

r(601);

. do "/var/folders/gr/_w5pkbvd0yl6tfnrfbln25rw0000gn/T//SD01535.000000"

. local controls "`colony_fe' `geo'"

. 
end of do-file

. do "/var/folders/gr/_w5pkbvd0yl6tfnrfbln25rw0000gn/T//SD01535.000000"

. /*===============================================================
>   MEDIATION ANALYSIS WITH BCa BOOTSTRAP
>   Specification: colonizer FE + geography
> ===============================================================*/
. 
. Controls
command Controls is unrecognized
r(199);

end of do-file

r(199);

. do "/var/folders/gr/_w5pkbvd0yl6tfnrfbln25rw0000gn/T//SD01535.000000"

. 
. Controls
command Controls is unrecognized
r(199);

end of do-file

r(199);

. do "/var/folders/gr/_w5pkbvd0yl6tfnrfbln25rw0000gn/T//SD01535.000000"

. /*===============================================================
>   MEDIATION ANALYSIS WITH BCa BOOTSTRAP
>   Specification: colonizer FE + geography
> ===============================================================*/
. 
. local controls "`colony_fe' `geo'"

. 
. *--------------------------------------------------------------
. * 1. Define consistent mediation sample
. *--------------------------------------------------------------
. 
. egen miss = rowmiss(ln_maddison_pcgdp2000 ln_export_area ///
>                     ethnic_fractionalization state_dev `controls')

. gen med_sample = (miss == 0)

. drop miss

. 
. count if med_sample
  47

. local N_med = r(N)

. 
. di "Mediation sample size: N = `N_med'"
Mediation sample size: N = 47

. di "Using BCa bootstrap with 5,000 replications"
Using BCa bootstrap with 5,000 replications

. di ""


. 
. *--------------------------------------------------------------
. * 2. Total Effect (c path)
. *--------------------------------------------------------------
. 
. reg ln_maddison_pcgdp2000 ln_export_area `controls' if med_sample

      Source |       SS           df       MS      Number of obs   =        47
-------------+----------------------------------   F(1, 45)        =     14.40
       Model |  6.15411672         1  6.15411672   Prob > F        =    0.0004
    Residual |  19.2260625        45  .427245833   R-squared       =    0.2425
-------------+----------------------------------   Adj R-squared   =    0.2256
       Total |  25.3801792        46  .551743026   Root MSE        =    .65364

--------------------------------------------------------------------------------
ln_maddis~2000 | Coefficient  Std. err.      t    P>|t|     [95% conf. interval]
---------------+----------------------------------------------------------------
ln_export_area |  -.0989103   .0260614    -3.80   0.000    -.1514007     -.04642
         _cons |   7.396117   .1373104    53.86   0.000      7.11956    7.672675
--------------------------------------------------------------------------------

. 
. scalar c_total = _b[ln_export_area]

. di "Total effect (c): " %7.4f c_total
Total effect (c): -0.0989

. di ""


. 
. *--------------------------------------------------------------
. * 3. Define Bootstrap Program
. *--------------------------------------------------------------
. 
. capture program drop med_boot

. program define med_boot, rclass
  1. 
.     quietly reg ethnic_fractionalization ///
>         ln_export_area `controls' if med_sample
  2.     scalar a1 = _b[ln_export_area]
  3. 
.     quietly reg state_dev ///
>         ln_export_area `controls' if med_sample
  4.     scalar a2 = _b[ln_export_area]
  5. 
.     quietly reg ln_maddison_pcgdp2000 ///
>         ln_export_area ethnic_fractionalization state_dev ///
>         `controls' if med_sample
  6. 
.     scalar b1 = _b[ethnic_fractionalization]
  7.     scalar b2 = _b[state_dev]
  8.     scalar cprime = _b[ln_export_area]
  9. 
.     return scalar ind1 = a1 * b1
 10.     return scalar ind2 = a2 * b2
 11.     return scalar total_ind = a1*b1 + a2*b2
 12.     return scalar direct = cprime
 13. end

. 
. *--------------------------------------------------------------
. * 4. Run BCa Bootstrap
. *--------------------------------------------------------------
. 
. bootstrap ind1=r(ind1) ///
>           ind2=r(ind2) ///
>           total_ind=r(total_ind) ///
>           direct=r(direct), ///
>           reps(5000) seed(12345) bca nodots: med_boot
insufficient observations to compute jackknife standard errors
no results will be saved
r(2000);

end of do-file

r(2000);

. do "/var/folders/gr/_w5pkbvd0yl6tfnrfbln25rw0000gn/T//SD01535.000000"

. /*===============================================================
>   MEDIATION ANALYSIS WITH BCa BOOTSTRAP
>   Specification: colonizer FE + geography
> ===============================================================*/
. 
. local controls "`colony_fe' `geo'"

. 
. *--------------------------------------------------------------
. * 1. Define consistent mediation sample
. *--------------------------------------------------------------
. 
. egen miss = rowmiss(ln_maddison_pcgdp2000 ln_export_area ///
>                     ethnic_fractionalization state_dev `controls')

. gen med_sample = (miss == 0)
variable med_sample already defined
r(110);

end of do-file

r(110);

. do "/var/folders/gr/_w5pkbvd0yl6tfnrfbln25rw0000gn/T//SD01535.000000"

. egen miss = rowmiss(ln_maddison_pcgdp2000 ln_export_area ///
>                     ethnic_fractionalization state_dev `controls')
variable miss already defined
r(110);

end of do-file

r(110);

. do "/var/folders/gr/_w5pkbvd0yl6tfnrfbln25rw0000gn/T//SD01535.000000"

. di "Mediation sample size: N = `N_med'"
Mediation sample size: N = 

. di "Using BCa bootstrap with 5,000 replications"
Using BCa bootstrap with 5,000 replications

. di ""


. 
. *--------------------------------------------------------------
. * 2. Total Effect (c path)
. *--------------------------------------------------------------
. 
. reg ln_maddison_pcgdp2000 ln_export_area `controls' if med_sample

      Source |       SS           df       MS      Number of obs   =        47
-------------+----------------------------------   F(1, 45)        =     14.40
       Model |  6.15411672         1  6.15411672   Prob > F        =    0.0004
    Residual |  19.2260625        45  .427245833   R-squared       =    0.2425
-------------+----------------------------------   Adj R-squared   =    0.2256
       Total |  25.3801792        46  .551743026   Root MSE        =    .65364

--------------------------------------------------------------------------------
ln_maddis~2000 | Coefficient  Std. err.      t    P>|t|     [95% conf. interval]
---------------+----------------------------------------------------------------
ln_export_area |  -.0989103   .0260614    -3.80   0.000    -.1514007     -.04642
         _cons |   7.396117   .1373104    53.86   0.000      7.11956    7.672675
--------------------------------------------------------------------------------

. 
. scalar c_total = _b[ln_export_area]

. di "Total effect (c): " %7.4f c_total
Total effect (c): -0.0989

. di ""


. 
. *--------------------------------------------------------------
. * 3. Define Bootstrap Program
. *--------------------------------------------------------------
. 
. capture program drop med_boot

. program define med_boot, rclass
  1. 
.     quietly reg ethnic_fractionalization ///
>         ln_export_area `controls' if med_sample
  2.     scalar a1 = _b[ln_export_area]
  3. 
.     quietly reg state_dev ///
>         ln_export_area `controls' if med_sample
  4.     scalar a2 = _b[ln_export_area]
  5. 
.     quietly reg ln_maddison_pcgdp2000 ///
>         ln_export_area ethnic_fractionalization state_dev ///
>         `controls' if med_sample
  6. 
.     scalar b1 = _b[ethnic_fractionalization]
  7.     scalar b2 = _b[state_dev]
  8.     scalar cprime = _b[ln_export_area]
  9. 
.     return scalar ind1 = a1 * b1
 10.     return scalar ind2 = a2 * b2
 11.     return scalar total_ind = a1*b1 + a2*b2
 12.     return scalar direct = cprime
 13. end

. 
. *--------------------------------------------------------------
. * 4. Run BCa Bootstrap
. *--------------------------------------------------------------
. 
. bootstrap ind1=r(ind1) ///
>           ind2=r(ind2) ///
>           total_ind=r(total_ind) ///
>           direct=r(direct), ///
>           reps(5000) seed(12345) nodots: med_boot

Bootstrap results                                        Number of obs =    47
                                                         Replications  = 5,000

      Command: med_boot
         ind1: r(ind1)
         ind2: r(ind2)
    total_ind: r(total_ind)
       direct: r(direct)

------------------------------------------------------------------------------
             |   Observed   Bootstrap                         Normal-based
             | coefficient  std. err.      z    P>|z|     [95% conf. interval]
-------------+----------------------------------------------------------------
        ind1 |  -.0406659   .0411947    -0.99   0.324    -.1214059    .0400742
        ind2 |   .0091697   .0163195     0.56   0.574     -.022816    .0411553
   total_ind |  -.0314962   .0325692    -0.97   0.334    -.0953307    .0323383
      direct |  -.0674141   .0347787    -1.94   0.053    -.1355791    .0007509
------------------------------------------------------------------------------

. 
. *--------------------------------------------------------------
. * 5. Display Percentile + BCa CIs
. *--------------------------------------------------------------
. 
. estat bootstrap, percentile

Bootstrap results                               Number of obs     =         47
                                                Replications      =       5000

      Command: med_boot
         ind1: r(ind1)
         ind2: r(ind2)
    total_ind: r(total_ind)
       direct: r(direct)

------------------------------------------------------------------------------
             |    Observed               Bootstrap
             | coefficient       Bias    std. err.  [95% conf. interval]
-------------+----------------------------------------------------------------
        ind1 |  -.04066588   .0002212   .04119467   -.1274134   .0385914   (P)
        ind2 |   .00916966  -.0011654   .01631952   -.0263481   .0407298   (P)
   total_ind |  -.03149622  -.0009442   .03256923   -.1002587   .0302301   (P)
      direct |   -.0674141   .0009425   .03477868   -.1352839   .0036141   (P)
------------------------------------------------------------------------------
Key: P: Percentile

. 
. *--------------------------------------------------------------
. * 6. Extract Point Estimates
. *--------------------------------------------------------------
. 
. matrix b = e(b)

. 
. scalar ind1_hat      = b[1,"ind1"]

. scalar ind2_hat      = b[1,"ind2"]

. scalar total_ind_hat = b[1,"total_ind"]

. scalar direct_hat    = b[1,"direct"]

. 
. scalar prop_med = total_ind_hat / (total_ind_hat + direct_hat)

. 
. di ""


. di "================ MEDIATION SUMMARY ================="
================ MEDIATION SUMMARY =================

. di "Indirect via ethnic frac:  " %7.4f ind1_hat
Indirect via ethnic frac:  -0.0407

. di "Indirect via state dev:    " %7.4f ind2_hat
Indirect via state dev:     0.0092

. di "Total indirect:            " %7.4f total_ind_hat
Total indirect:            -0.0315

. di "Direct effect (c'):        " %7.4f direct_hat
Direct effect (c'):        -0.0674

. di "Proportion mediated:       " %6.2f prop_med
Proportion mediated:         0.32

. di "===================================================="
====================================================

. di ""


. 
end of do-file

. do "/var/folders/gr/_w5pkbvd0yl6tfnrfbln25rw0000gn/T//SD01535.000000"

. 
. /*==============================================================================
>   PART 1: PUBLICATION-QUALITY TABLES
> ==============================================================================*/
. 
. * Define control groups
. local colony_fe "colony1 colony2 colony3 colony4 colony5 colony6 colony7"

. local geo "abs_latitude longitude rain_min humid_max low_temp ln_coastline_area"

. local extra "island_dum islam legor_fr region_n"

. local resources "ln_avg_gold_pop ln_avg_oil_pop ln_avg_all_diamonds_pop"

. local instruments "atlantic_distance_minimum indian_distance_minimum saharan_distance_minimum r
> ed_sea_distance_minimum"

. 
. * Create restricted sample indicator
. capture drop restrict

. gen restrict = 1

. replace restrict = 0 if island_dum == 1
(5 real changes made)

. replace restrict = 0 if inlist(isocode, "MAR","DZA","TUN","LBY","EGY")
(5 real changes made)

. replace restrict = 0 if inlist(isocode, "SYC","MUS","COM","STP","CPV")
(0 real changes made)

. 
. /*------------------------------------------------------------------------------
>   TABLE 3 ENHANCED: OLS with publication formatting
> ------------------------------------------------------------------------------*/
. 
. quietly reg ln_maddison_pcgdp2000 ln_export_area `colony_fe'

. estimates store ols1

. 
. quietly reg ln_maddison_pcgdp2000 ln_export_area `colony_fe' `geo'

. estimates store ols2

. 
. quietly reg ln_maddison_pcgdp2000 ln_export_area `colony_fe' `geo' if restrict == 1

. estimates store ols3

. 
. quietly reg ln_maddison_pcgdp2000 ln_export_area `colony_fe' `geo' `extra'

. estimates store ols4

. 
. quietly reg ln_maddison_pcgdp2000 ln_export_area `colony_fe' `geo' `extra' `resources'

. estimates store ols5

. 
. quietly reg ln_maddison_pcgdp2000 ln_export_area `colony_fe' `geo' `resources' if restrict == 1

. estimates store ols6

. 
. * Export to RTF (Word-compatible)
. esttab ols1 ols2 ols3 ols4 ols5 ols6 ///
>     using "$outpath/table3_ols_enhanced.rtf", ///
>     replace ///
>     label ///
>     b(%9.3f) se(%9.3f) ///
>     star(* 0.10 ** 0.05 *** 0.01) ///
>     stats(N r2, fmt(%9.0f %9.3f) labels("Observations" "R-squared")) ///
>     mtitles("(1)" "(2)" "(3)" "(4)" "(5)" "(6)") ///
>     title("Table 3: OLS Estimates - Slave Exports and Economic Development") ///
>     nonotes addnote("Dependent variable: Log real GDP per capita in 2000" ///
>                      "Standard errors in parentheses" ///
>                      "* p<0.10, ** p<0.05, *** p<0.01" ///
>                      "All specifications include colonizer fixed effects" ///
>                      "Specifications (2)-(6) include geography controls" ///
>                      "Specifications (4)-(5) include institutional controls" ///
>                      "Specifications (5)-(6) include natural resource controls" ///
>                      "Specifications (3) and (6) exclude islands and North Africa")
(file /Users/oskarskorge/Desktop/LUSEM/LUSEM/Advanced Analysis of Economic Change/Replication
    1/Output/table3_ols_enhanced.rtf not found)
(output written to /Users/oskarskorge/Desktop/LUSEM/LUSEM/Advanced Analysis of Economic Change/Re
> plication 1/Output/table3_ols_enhanced.rtf)

. 
. * Export to LaTeX
. esttab ols1 ols2 ols3 ols4 ols5 ols6 ///
>     using "$outpath/table3_ols_enhanced.tex", ///
>     replace ///
>     b(%9.3f) se(%9.3f) ///
>     star(* 0.10 ** 0.05 *** 0.01) ///
>     stats(N r2, fmt(%9.0f %9.3f) labels("Observations" "R-squared")) ///
>     mtitles("(1)" "(2)" "(3)" "(4)" "(5)" "(6)") ///
>     title(OLS Estimates - Slave Exports and Economic Development) ///
>     booktabs ///
>     nonotes addnote("Dependent variable: Log real GDP per capita in 2000. Standard errors in pa
> rentheses. * \(p<0.10\), ** \(p<0.05\), *** \(p<0.01\). All specifications include colonizer fi
> xed effects.")
(output written to /Users/oskarskorge/Desktop/LUSEM/LUSEM/Advanced Analysis of Economic Change/Re
> plication 1/Output/table3_ols_enhanced.tex)

. 
. di "Table 3 enhanced versions exported to RTF and LaTeX"
Table 3 enhanced versions exported to RTF and LaTeX

. 
. /*------------------------------------------------------------------------------
>   TABLE 4 ENHANCED: IV/2SLS with publication formatting
> ------------------------------------------------------------------------------*/
. 
. quietly ivregress 2sls ln_maddison_pcgdp2000 (ln_export_area = `instruments')

. estimates store iv1

. 
. quietly ivregress 2sls ln_maddison_pcgdp2000 `colony_fe' (ln_export_area = `instruments')

. estimates store iv2

. 
. quietly ivregress 2sls ln_maddison_pcgdp2000 `colony_fe' `geo' (ln_export_area = `instruments')

. estimates store iv3

. 
. quietly ivregress 2sls ln_maddison_pcgdp2000 `colony_fe' `geo' (ln_export_area = `instruments')
>  if restrict == 1

. estimates store iv4

. 
. * Collect first-stage F-stats
. quietly ivregress 2sls ln_maddison_pcgdp2000 (ln_export_area = `instruments')

. quietly estat firststage

. scalar fs_F1 = r(mineig)

. 
. quietly ivregress 2sls ln_maddison_pcgdp2000 `colony_fe' (ln_export_area = `instruments')

. quietly estat firststage

. scalar fs_F2 = r(mineig)

. 
. quietly ivregress 2sls ln_maddison_pcgdp2000 `colony_fe' `geo' (ln_export_area = `instruments')

. quietly estat firststage

. scalar fs_F3 = r(mineig)

. 
. quietly ivregress 2sls ln_maddison_pcgdp2000 `colony_fe' `geo' (ln_export_area = `instruments')
>  if restrict == 1

. quietly estat firststage

. scalar fs_F4 = r(mineig)

. 
. * Export IV results to RTF
. esttab iv1 iv2 iv3 iv4 ///
>     using "$outpath/table4_iv_enhanced.rtf", ///
>     replace ///
>     label ///
>     b(%9.3f) se(%9.3f) ///
>     star(* 0.10 ** 0.05 *** 0.01) ///
>     stats(N, fmt(%9.0f) labels("Observations")) ///
>     mtitles("(1)" "(2)" "(3)" "(4)") ///
>     title("Table 4: IV/2SLS Estimates - Slave Exports and Economic Development") ///
>     nonotes addnote("Dependent variable: Log real GDP per capita in 2000" ///
>                      "Instrumented variable: Log slave exports per area" ///
>                      "Instruments: Distances to Atlantic, Indian Ocean, Saharan, and Red Sea sl
> ave markets" ///
>                      "Standard errors in parentheses" ///
>                      "* p<0.10, ** p<0.05, *** p<0.01" ///
>                      "First-stage F-statistics: (1) " %6.2f fs_F1 " (2) " %6.2f fs_F2 " (3) " %
> 6.2f fs_F3 " (4) " %6.2f fs_F4)
(file /Users/oskarskorge/Desktop/LUSEM/LUSEM/Advanced Analysis of Economic Change/Replication
    1/Output/table4_iv_enhanced.rtf not found)
(output written to /Users/oskarskorge/Desktop/LUSEM/LUSEM/Advanced Analysis of Economic Change/Re
> plication 1/Output/table4_iv_enhanced.rtf)

. 
. di "Table 4 enhanced versions exported"
Table 4 enhanced versions exported

. 
. /*==============================================================================
>   PART 2: PUBLICATION-QUALITY FIGURES
> ==============================================================================*/
. 
. /*------------------------------------------------------------------------------
>   FIGURE 3 ENHANCED: Main scatter with better aesthetics
> ------------------------------------------------------------------------------*/
. 
. quietly reg ln_maddison_pcgdp2000 ln_export_area

. local coef = string(_b[ln_export_area], "%6.3f")

. local se   = string(_se[ln_export_area], "%5.3f")

. local N    = e(N)

. local r2   = string(e(r2), "%4.3f")

. 
. twoway ///
>     (scatter ln_maddison_pcgdp2000 ln_export_area, ///
>         mlabel(isocode) mlabsize(vsmall) mlabposition(12) ///
>         mlabcolor(gs8) msymbol(oh) msize(small) mcolor(navy%70)) ///
>     (lfit ln_maddison_pcgdp2000 ln_export_area, ///
>         lcolor(cranberry) lwidth(medthick) lpattern(solid)), ///
>     ytitle("Log real per capita GDP in 2000", size(medsmall)) ///
>     xtitle("Log slave exports per square km, 1400-1900", size(medsmall)) ///
>     ylabel(, angle(0) format(%4.1f) labsize(small)) ///
>     xlabel(, labsize(small)) ///
>     title("Figure 3: The Long-Run Impact of Africa's Slave Trades", size(medium) color(black)) 
> ///
>     subtitle("Countries from which more slaves were taken are poorer today", size(small) color(
> gs6)) ///
>     note("Bivariate OLS: {&beta} = `coef' (s.e. = `se'), N = `N', R{superscript:2} = `r2'" ///
>          "Each point represents one African country (ISO code shown).", ///
>          size(vsmall) color(gs8)) ///
>     legend(off) ///
>     graphregion(color(white)) bgcolor(white) ///
>     scheme(s2mono)

. 
. graph export "$outpath/figure3_enhanced.png", replace width(1600) height(1200)
file /Users/oskarskorge/Desktop/LUSEM/LUSEM/Advanced Analysis of Economic Change/Replication
    1/Output/figure3_enhanced.png saved as PNG format

. graph export "$outpath/figure3_enhanced.pdf", replace
file /Users/oskarskorge/Desktop/LUSEM/LUSEM/Advanced Analysis of Economic Change/Replication
    1/Output/figure3_enhanced.pdf saved as PDF format

. 
. di "Figure 3 enhanced versions exported"
Figure 3 enhanced versions exported

. 
. /*------------------------------------------------------------------------------
>   FIGURE 4 ENHANCED: Selection - initial prosperity
> ------------------------------------------------------------------------------*/
. 
. quietly reg ln_export_area ln_pop_dens_1400

. local beta4 = string(_b[ln_pop_dens_1400], "%6.2f")

. local t4    = string(_b[ln_pop_dens_1400]/_se[ln_pop_dens_1400], "%5.2f")

. local N4    = e(N)

. local r24   = string(e(r2), "%4.3f")

. 
. twoway ///
>     (scatter ln_export_area ln_pop_dens_1400, ///
>         mlabel(isocode) mlabsize(vsmall) mlabposition(12) ///
>         mlabcolor(gs8) msymbol(oh) msize(small) mcolor(dkorange%70)) ///
>     (lfit ln_export_area ln_pop_dens_1400, ///
>         lcolor(dkgreen) lwidth(medthick)), ///
>     ytitle("Log slave exports per square km, 1400-1900", size(medsmall)) ///
>     xtitle("Log population density in 1400", size(medsmall)) ///
>     ylabel(, angle(0) labsize(small)) ///
>     xlabel(, labsize(small)) ///
>     title("Figure 4: Selection into the Slave Trade", size(medium)) ///
>     subtitle("MORE developed areas were targeted - OLS is biased toward zero", size(small) colo
> r(gs6)) ///
>     note("Bivariate OLS: {&beta} = `beta4', t = `t4', N = `N4', R{superscript:2} = `r24'", ///
>          size(vsmall) color(gs8)) ///
>     legend(off) ///
>     graphregion(color(white)) bgcolor(white) ///
>     scheme(s2mono)

. 
. graph export "$outpath/figure4_enhanced.png", replace width(1600) height(1200)
file /Users/oskarskorge/Desktop/LUSEM/LUSEM/Advanced Analysis of Economic Change/Replication
    1/Output/figure4_enhanced.png saved as PNG format

. graph export "$outpath/figure4_enhanced.pdf", replace
file /Users/oskarskorge/Desktop/LUSEM/LUSEM/Advanced Analysis of Economic Change/Replication
    1/Output/figure4_enhanced.pdf saved as PDF format

. 
. di "Figure 4 enhanced versions exported"
Figure 4 enhanced versions exported

. 
. /*------------------------------------------------------------------------------
>   FIGURE 6 ENHANCED: Channel 1 - Ethnic fractionalization
> ------------------------------------------------------------------------------*/
. 
. quietly reg ethnic_fractionalization ln_export_area

. local beta6 = string(_b[ln_export_area], "%6.3f")

. local t6    = string(_b[ln_export_area]/_se[ln_export_area], "%5.2f")

. local N6    = e(N)

. local r26   = string(e(r2), "%4.3f")

. 
. twoway ///
>     (scatter ethnic_fractionalization ln_export_area, ///
>         mlabel(isocode) mlabsize(vsmall) mlabposition(12) ///
>         mlabcolor(gs8) msymbol(oh) msize(small) mcolor(midblue%70)) ///
>     (lfit ethnic_fractionalization ln_export_area, ///
>         lcolor(maroon) lwidth(medthick)), ///
>     ytitle("Ethnic fractionalization (Alesina et al. 2003)", size(medsmall)) ///
>     xtitle("Log slave exports per square km, 1400-1900", size(medsmall)) ///
>     ylabel(, angle(0) format(%4.2f) labsize(small)) ///
>     xlabel(, labsize(small)) ///
>     title("Figure 6: Slave Trade Impact via Ethnic Fragmentation", size(medium)) ///
>     subtitle("Slave raiding weakened inter-village ties and impeded broader identities", size(s
> mall) color(gs6)) ///
>     note("Bivariate OLS: {&beta} = `beta6', t = `t6', N = `N6', R{superscript:2} = `r26'", ///
>          size(vsmall) color(gs8)) ///
>     legend(off) ///
>     graphregion(color(white)) bgcolor(white) ///
>     scheme(s2mono)

. 
. graph export "$outpath/figure6_enhanced.png", replace width(1600) height(1200)
file /Users/oskarskorge/Desktop/LUSEM/LUSEM/Advanced Analysis of Economic Change/Replication
    1/Output/figure6_enhanced.png saved as PNG format

. graph export "$outpath/figure6_enhanced.pdf", replace
file /Users/oskarskorge/Desktop/LUSEM/LUSEM/Advanced Analysis of Economic Change/Replication
    1/Output/figure6_enhanced.pdf saved as PDF format

. 
. di "Figure 6 enhanced versions exported"
Figure 6 enhanced versions exported

. 
. /*------------------------------------------------------------------------------
>   FIGURE 7 ENHANCED: Channel 2 - State development
> ------------------------------------------------------------------------------*/
. 
. quietly reg state_dev ln_export_area

. local beta7 = string(_b[ln_export_area], "%6.3f")

. local t7    = string(_b[ln_export_area]/_se[ln_export_area], "%5.2f")

. local N7    = e(N)

. local r27   = string(e(r2), "%4.3f")

. 
. twoway ///
>     (scatter state_dev ln_export_area, ///
>         mlabel(isocode) mlabsize(vsmall) mlabposition(12) ///
>         mlabcolor(gs8) msymbol(oh) msize(small) mcolor(forest_green%70)) ///
>     (lfit state_dev ln_export_area, ///
>         lcolor(purple) lwidth(medthick)), ///
>     ytitle("19th-century state development (Gennaioli & Rainer 2006)", size(medsmall)) ///
>     xtitle("Log slave exports per square km, 1400-1900", size(medsmall)) ///
>     ylabel(, angle(0) format(%4.2f) labsize(small)) ///
>     xlabel(, labsize(small)) ///
>     title("Figure 7: Slave Trade Impact via State Collapse", size(medium)) ///
>     subtitle("Internal warfare and raiding caused political instability and state fragmentation
> ", size(small) color(gs6)) ///
>     note("Bivariate OLS: {&beta} = `beta7', t = `t7', N = `N7', R{superscript:2} = `r27'", ///
>          size(vsmall) color(gs8)) ///
>     legend(off) ///
>     graphregion(color(white)) bgcolor(white) ///
>     scheme(s2mono)

. 
. graph export "$outpath/figure7_enhanced.png", replace width(1600) height(1200)
file /Users/oskarskorge/Desktop/LUSEM/LUSEM/Advanced Analysis of Economic Change/Replication
    1/Output/figure7_enhanced.png saved as PNG format

. graph export "$outpath/figure7_enhanced.pdf", replace
file /Users/oskarskorge/Desktop/LUSEM/LUSEM/Advanced Analysis of Economic Change/Replication
    1/Output/figure7_enhanced.pdf saved as PDF format

. 
. di "Figure 7 enhanced versions exported"
Figure 7 enhanced versions exported

. 
. /*==============================================================================
>   PART 3: EXTENSIONS AND IMPROVEMENTS
> ==============================================================================*/
. 
. /*------------------------------------------------------------------------------
>   EXTENSION 1: Heterogeneity by Region
>   Question: Were some regions more affected than others?
> ------------------------------------------------------------------------------*/
. 
. gen ln_export_x_west = ln_export_area * region_w

. gen ln_export_x_central = ln_export_area * region_c

. gen ln_export_x_east = ln_export_area * region_e

. gen ln_export_x_south = ln_export_area * region_s

. 
. label var ln_export_x_west "Slave exports × West Africa"

. label var ln_export_x_central "Slave exports × Central Africa"

. label var ln_export_x_east "Slave exports × East Africa"

. label var ln_export_x_south "Slave exports × South Africa"

. 
. quietly reg ln_maddison_pcgdp2000 ln_export_area `colony_fe' `geo'

. estimates store het_base

. 
. quietly reg ln_maddison_pcgdp2000 ln_export_area ln_export_x_west ln_export_x_central ln_export
> _x_east ln_export_x_south `colony_fe' `geo'

. estimates store het_region

. 
. test ln_export_x_west = ln_export_x_central = ln_export_x_east = ln_export_x_south

 ( 1)  ln_export_x_west - ln_export_x_central = 0
 ( 2)  ln_export_x_west - ln_export_x_east = 0
 ( 3)  ln_export_x_west - ln_export_x_south = 0

       F(  3,    33) =    1.58
            Prob > F =    0.2136

. 
. esttab het_base het_region ///
>     using "$outpath/table_ext1_heterogeneity.rtf", ///
>     replace ///
>     b(%9.3f) se(%9.3f) ///
>     star(* 0.10 ** 0.05 *** 0.01) ///
>     stats(N r2, fmt(%9.0f %9.3f) labels("Observations" "R-squared")) ///
>     mtitles("Baseline" "Regional Interactions") ///
>     title("Extension Table 1: Regional Heterogeneity in Slave Trade Effects") ///
>     nonotes addnote("Dependent variable: Log real GDP per capita in 2000" ///
>                      "Standard errors in parentheses" ///
>                      "* p<0.10, ** p<0.05, *** p<0.01")
(output written to /Users/oskarskorge/Desktop/LUSEM/LUSEM/Advanced Analysis of Economic Change/Re
> plication 1/Output/table_ext1_heterogeneity.rtf)

. 
. di "Extension 1: Heterogeneity analysis exported"
Extension 1: Heterogeneity analysis exported

. 
. /*------------------------------------------------------------------------------
>   EXTENSION 2: Decomposition by Slave Trade Type
>   Question: Which slave trade had the largest impact?
> ------------------------------------------------------------------------------*/
. 
. * We would need trade-specific export variables for this
. * Creating placeholders for illustration (in real analysis, reconstruct from raw data)
. 
. di "Extension 2: Would require trade-specific export data from original sources"
Extension 2: Would require trade-specific export data from original sources

. di "This would decompose total exports into: Atlantic, Indian Ocean, Saharan, Red Sea"
This would decompose total exports into: Atlantic, Indian Ocean, Saharan, Red Sea

. 
. /*------------------------------------------------------------------------------
>   EXTENSION 3: Formal Mediation Analysis
>   Question: What share of the effect works through ethnic frac. vs state dev?
>   Use Baron-Kenny approach + Sobel test
> ------------------------------------------------------------------------------*/
. 
. * Step 1: Total effect (c path)
. quietly reg ln_maddison_pcgdp2000 ln_export_area `colony_fe' `geo'

. estimates store mediation_total

. local c_coef = _b[ln_export_area]

. 
. * Step 2: Effect on mediator 1 - ethnic fractionalization (a1 path)
. quietly reg ethnic_fractionalization ln_export_area `colony_fe' `geo'

. estimates store mediation_ethnic

. local a1_coef = _b[ln_export_area]

. local a1_se = _se[ln_export_area]

. 
. * Step 3: Effect on mediator 2 - state development (a2 path)
. quietly reg state_dev ln_export_area `colony_fe' `geo' if !missing(state_dev)

. estimates store mediation_state

. local a2_coef = _b[ln_export_area]

. local a2_se = _se[ln_export_area]

. 
. * Step 4: Direct effect controlling for mediators (c' path)
. quietly reg ln_maddison_pcgdp2000 ln_export_area ethnic_fractionalization state_dev `colony_fe'
>  `geo' if !missing(ethnic_fractionalization, state_dev)

. estimates store mediation_direct

. local cprime_coef = _b[ln_export_area]

. local b1_coef = _b[ethnic_fractionalization]

. local b1_se = _se[ethnic_fractionalization]

. local b2_coef = _b[state_dev]

. local b2_se = _se[state_dev]

. 
. * Calculate indirect effects and Sobel test
. local indirect1 = `a1_coef' * `b1_coef'

. local sobel_se1 = sqrt(`b1_coef'^2 * `a1_se'^2 + `a1_coef'^2 * `b1_se'^2)

. local sobel_z1 = `indirect1' / `sobel_se1'

. local sobel_p1 = 2*normal(-abs(`sobel_z1'))

. 
. local indirect2 = `a2_coef' * `b2_coef'

. local sobel_se2 = sqrt(`b2_coef'^2 * `a2_se'^2 + `a2_coef'^2 * `b2_se'^2)

. local sobel_z2 = `indirect2' / `sobel_se2'

. local sobel_p2 = 2*normal(-abs(`sobel_z2'))

. 
. local total_indirect = `indirect1' + `indirect2'

. local pct_mediated = (`total_indirect' / `c_coef') * 100

. 
. * Export mediation table
. esttab mediation_total mediation_ethnic mediation_state mediation_direct ///
>     using "$outpath/table_ext3_mediation.rtf", ///
>     replace ///
>     b(%9.3f) se(%9.3f) ///
>     star(* 0.10 ** 0.05 *** 0.01) ///
>     stats(N r2, fmt(%9.0f %9.3f) labels("Observations" "R-squared")) ///
>     mtitles("Total Effect" "→ Ethnic Frac." "→ State Dev." "Direct Effect") ///
>     title("Extension Table 3: Mediation Analysis - Channels of Causality") ///
>     nonotes addnote("Columns show: (1) Total effect of slave exports on GDP" ///
>                      "(2) Effect of slave exports on ethnic fractionalization" ///
>                      "(3) Effect of slave exports on state development" ///
>                      "(4) Direct effect after controlling for both mediators" ///
>                      "Indirect effect via ethnic frac.: " %6.4f `indirect1' " (Sobel z = " %5.2
> f `sobel_z1' ", p = " %5.3f `sobel_p1' ")" ///
>                      "Indirect effect via state dev.: " %6.4f `indirect2' " (Sobel z = " %5.2f 
> `sobel_z2' ", p = " %5.3f `sobel_p2' ")" ///
>                      "Total indirect effect: " %6.4f `total_indirect' " (" %5.1f `pct_mediated'
>  "% of total effect)" ///
>                      "Standard errors in parentheses. * p<0.10, ** p<0.05, *** p<0.01")
(output written to /Users/oskarskorge/Desktop/LUSEM/LUSEM/Advanced Analysis of Economic Change/Re
> plication 1/Output/table_ext3_mediation.rtf)

. 
. di "Extension 3: Mediation analysis exported"
Extension 3: Mediation analysis exported

. di "Proportion mediated: " %5.1f `pct_mediated' "%"
Proportion mediated:  11.2%

. 
. /*------------------------------------------------------------------------------
>   EXTENSION 4: Leverage and Influence Diagnostics
>   Question: Are results driven by outliers?
> ------------------------------------------------------------------------------*/
. 
. quietly reg ln_maddison_pcgdp2000 ln_export_area `colony_fe' `geo'

. predict leverage_h, leverage

. predict cooksd, cooksd

. predict dfits, dfits

. 
. * Identify high-leverage observations
. gsort -leverage_h

. list isocode country ln_export_area leverage_h in 1/10, clean

       isocode               country   ln_expo~a   levera~h  
  1.       GNQ     Equatorial Guinea   -.9844123          1  
  2.       NAM               Namibia   -1.465302          1  
  3.       LBY                 Libya     1.61487          1  
  4.       ETH              Ethiopia    7.078711   .6229435  
  5.       LBR               Liberia    4.113622   .6229435  
  6.       RWA                Rwanda   -2.302585   .4415315  
  7.       STP   Sao Tome & Principe   -2.302585   .4365347  
  8.       MOZ            Mozambique    6.659775   .4321196  
  9.       BDI               Burundi    1.140843   .4311649  
 10.       SYC            Seychelles   -2.302585    .395853  

. 
. * Identify influential observations (Cook's D > 4/N)
. gen influential = (cooksd > 4/e(N))

. list isocode country cooksd if influential, clean

       isocode      country     cooksd  
 10.       SYC   Seychelles   .1411064  
 13.       COM      Comoros   .3543633  
 15.       MUS    Mauritius   .1490846  
 16.       MDG   Madagascar   .1005483  

. 
. * Create diagnostic plot
. twoway (scatter cooksd ln_export_area, ///
>           mlabel(isocode) mlabsize(vsmall) mlabposition(12) ///
>           mlabcolor(gs8) msymbol(oh) mcolor(navy%60)) ///
>        (function y = 4/52, range(ln_export_area) lcolor(red) lpattern(dash)), ///
>     ytitle("Cook's Distance", size(medsmall)) ///
>     xtitle("Log slave exports per square km", size(medsmall)) ///
>     ylabel(, angle(0) labsize(small)) ///
>     xlabel(, labsize(small)) ///
>     title("Extension Figure 4: Influence Diagnostics", size(medium)) ///
>     subtitle("Cook's D > 4/N threshold shown in red", size(small)) ///
>     legend(off) ///
>     graphregion(color(white)) bgcolor(white) ///
>     scheme(s2mono)

. 
. graph export "$outpath/figure_ext4_influence.png", replace width(1600) height(1200)
file /Users/oskarskorge/Desktop/LUSEM/LUSEM/Advanced Analysis of Economic Change/Replication
    1/Output/figure_ext4_influence.png saved as PNG format

. 
. di "Extension 4: Influence diagnostics completed"
Extension 4: Influence diagnostics completed

. di "Influential observations (Cook's D > 4/N):"
Influential observations (Cook's D > 4/N):

. list isocode country if influential

     +----------------------+
     | isocode      country |
     |----------------------|
 10. |     SYC   Seychelles |
 13. |     COM      Comoros |
 15. |     MUS    Mauritius |
 16. |     MDG   Madagascar |
     +----------------------+

. 
. /*------------------------------------------------------------------------------
>   EXTENSION 5: Placebo Test - Relationship Outside Africa
>   Question: Do the instruments predict income outside Africa?
>   
>   Note: This would require data from non-African countries
>   We document the approach here for completeness
> ------------------------------------------------------------------------------*/
. 
. di "Extension 5: Placebo test would require non-African country data"
Extension 5: Placebo test would require non-African country data

. di "Approach: Regress income on distance instruments for non-African countries"
Approach: Regress income on distance instruments for non-African countries

. di "Expected result: No relationship (instruments only work via slave trade)"
Expected result: No relationship (instruments only work via slave trade)

. 
. /*==============================================================================
>   PART 4: COMPREHENSIVE SUMMARY TABLE
> ==============================================================================*/
. 
. * Create a summary comparison table
. matrix results = J(6, 4, .)

. matrix rownames results = "OLS_Baseline" "OLS_Full" "OLS_Restricted" "IV_Baseline" "IV_Full" "I
> V_Restricted"

. matrix colnames results = "Coefficient" "Std_Error" "N" "R2_or_F"

. 
. * Fill in the matrix (using estimates from earlier)
. estimates restore ols1
(results ols1 are active now)

. matrix results[1,1] = _b[ln_export_area]

. matrix results[1,2] = _se[ln_export_area]

. matrix results[1,3] = e(N)

. matrix results[1,4] = e(r2)

. 
. estimates restore ols5
(results ols5 are active now)

. matrix results[2,1] = _b[ln_export_area]

. matrix results[2,2] = _se[ln_export_area]

. matrix results[2,3] = e(N)

. matrix results[2,4] = e(r2)

. 
. estimates restore ols6
(results ols6 are active now)

. matrix results[3,1] = _b[ln_export_area]

. matrix results[3,2] = _se[ln_export_area]

. matrix results[3,3] = e(N)

. matrix results[3,4] = e(r2)

. 
. estimates restore iv1
(results iv1 are active now)

. matrix results[4,1] = _b[ln_export_area]

. matrix results[4,2] = _se[ln_export_area]

. matrix results[4,3] = e(N)

. matrix results[4,4] = fs_F1

. 
. estimates restore iv3
(results iv3 are active now)

. matrix results[5,1] = _b[ln_export_area]

. matrix results[5,2] = _se[ln_export_area]

. matrix results[5,3] = e(N)

. matrix results[5,4] = fs_F3

. 
. estimates restore iv4
(results iv4 are active now)

. matrix results[6,1] = _b[ln_export_area]

. matrix results[6,2] = _se[ln_export_area]

. matrix results[6,3] = e(N)

. matrix results[6,4] = fs_F4

. 
. matrix list results

results[6,4]
              Coefficient    Std_Error            N      R2_or_F
OLS_Baseline   -.11193682     .0238032           52    .50499855
    OLS_Full   -.10324782    .03386731           52    .77333093
OLS_Restri~d   -.12313055    .03201602           42    .78934831
 IV_Baseline   -.20794078    .05197819           52    4.5453733
     IV_Full   -.28565932    .12880831           52    .81107448
IV_Restric~d   -.22123816    .06235725           42    2.8602359

. 
. * Export summary
. esttab matrix(results, fmt(%9.3f %9.3f %9.0f %9.2f)) ///
>     using "$outpath/table_summary.rtf", ///
>     replace ///
>     title("Summary Table: Key Results Across Specifications") ///
>     nonote
(file /Users/oskarskorge/Desktop/LUSEM/LUSEM/Advanced Analysis of Economic Change/Replication
    1/Output/table_summary.rtf not found)
(output written to /Users/oskarskorge/Desktop/LUSEM/LUSEM/Advanced Analysis of Economic Change/Re
> plication 1/Output/table_summary.rtf)

. 
. di "Summary table exported"
Summary table exported

. 
. /*==============================================================================
>   CLEANUP
> ==============================================================================*/
. 
. drop leverage_h cooksd dfits influential

. drop ln_export_x_*

. 
. log close
      name:  <unnamed>
       log:  /Users/oskarskorge/Desktop/LUSEM/LUSEM/Advanced Analysis of Economic Change/Replicat
> ion 1/Output/table4_proper.log
  log type:  text
 closed on:  24 Feb 2026, 14:44:27
-------------------------------------------------------------------------------------------------
